<?xml version="1.0" encoding="utf-8"?>
<TestRun id="d328e21a-efea-4ff7-ba5c-c1e74e059f9d" name="nithy@JAY 2025-11-21 17:13:16" runUser="JAY\nithy" xmlns="http://microsoft.com/schemas/VisualStudio/TeamTest/2010">
  <Times creation="2025-11-21T17:13:16.3568171-06:00" queuing="2025-11-21T17:13:16.3568174-06:00" start="2025-11-21T17:13:13.9009688-06:00" finish="2025-11-21T17:13:16.3922838-06:00" />
  <TestSettings name="default" id="ec1ec21f-9902-4205-b3db-7d5f623d508a">
    <Deployment runDeploymentRoot="nithy_JAY_2025-11-21_17_13_16" />
  </TestSettings>
  <Results>
    <UnitTestResult executionId="a4eb27be-88d8-492d-82ff-4fbaec402de7" testId="85f0a44f-5521-24b6-65c2-40202e2f6958" testName="QueryBuilder_FilterByAgeTest" computerName="JAY" duration="00:00:01.4233610" startTime="2025-11-21T17:13:14.7619812-06:00" endTime="2025-11-21T17:13:16.1852596-06:00" testType="13cdc9d9-ddb5-4fa4-a97d-d965ccfc6d4b" outcome="Passed" testListId="8c84fa94-04c1-424b-9868-57a2d4851a1d" relativeResultsDirectory="a4eb27be-88d8-492d-82ff-4fbaec402de7">
      <Output>
        <StdOut>SELECT [p].[ProductID], [p].[ListPrice], [p].[Name], [s0].[SalesOrderDetailID], [s0].[OrderQty], [s0].[ProductID], [s0].[SalesOrderID], [s0].[UnitPrice], [s1].[SalesOrderID], [s1].[OrderDate]&#xD;
FROM [Production].[Product] AS [p]&#xD;
INNER JOIN (&#xD;
    SELECT [s].[SalesOrderDetailID], [s].[OrderQty], [s].[ProductID], [s].[SalesOrderID], [s].[UnitPrice]&#xD;
    FROM [Sales].[SalesOrderDetail] AS [s]&#xD;
    WHERE ([s].[UnitPrice] &gt; 2000.0 OR [s].[OrderQty] &gt; 20) AND [s].[SalesOrderDetailID] IN (115, 156)&#xD;
) AS [s0] ON [p].[ProductID] = [s0].[ProductID]&#xD;
INNER JOIN [Sales].[SalesOrderHeader] AS [s1] ON [s0].[SalesOrderID] = [s1].[SalesOrderID]&#xD;
WHERE [p].[Name] LIKE N'Road%'</StdOut>
      </Output>
    </UnitTestResult>
  </Results>
  <TestDefinitions>
    <UnitTest name="QueryBuilder_FilterByAgeTest" storage="c:\users\nithy\onedrive\documentos\nithya\coretraining\querybuilder\querybuilder.tests\testquerybuilder\bin\release\net8.0\testquerybuilder.dll" id="85f0a44f-5521-24b6-65c2-40202e2f6958">
      <Execution id="a4eb27be-88d8-492d-82ff-4fbaec402de7" />
      <TestMethod codeBase="C:\Users\nithy\OneDrive\Documentos\Nithya\CoreTraining\QueryBuilder\QueryBuilder.Tests\TestQueryBuilder\bin\Release\net8.0\TestQueryBuilder.dll" adapterTypeName="executor://nunit3testexecutor/" className="TestQueryBuilder.Tests" name="QueryBuilder_FilterByAgeTest" />
    </UnitTest>
  </TestDefinitions>
  <TestEntries>
    <TestEntry testId="85f0a44f-5521-24b6-65c2-40202e2f6958" executionId="a4eb27be-88d8-492d-82ff-4fbaec402de7" testListId="8c84fa94-04c1-424b-9868-57a2d4851a1d" />
  </TestEntries>
  <TestLists>
    <TestList name="Results Not in a List" id="8c84fa94-04c1-424b-9868-57a2d4851a1d" />
    <TestList name="All Loaded Results" id="19431567-8539-422a-85d7-44ee4e166bda" />
  </TestLists>
  <ResultSummary outcome="Completed">
    <Counters total="1" executed="1" passed="1" failed="0" error="0" timeout="0" aborted="0" inconclusive="0" passedButRunAborted="0" notRunnable="0" notExecuted="0" disconnected="0" warning="0" completed="0" inProgress="0" pending="0" />
    <Output>
      <StdOut>NUnit Adapter 4.5.0.0: Test execution started&#xD;
Running all tests in C:\Users\nithy\OneDrive\Documentos\Nithya\CoreTraining\QueryBuilder\QueryBuilder.Tests\TestQueryBuilder\bin\Release\net8.0\TestQueryBuilder.dll&#xD;
   NUnit3TestExecutor discovered 1 of 1 NUnit test cases using Current Discovery mode, Non-Explicit run&#xD;
NUnit Adapter 4.5.0.0: Test execution complete&#xD;
</StdOut>
    </Output>
    <RunInfos>
      <RunInfo computerName="JAY" outcome="Warning" timestamp="2025-11-21T17:13:16.2077802-06:00">
        <Text>SELECT [p].[ProductID], [p].[ListPrice], [p].[Name], [s0].[SalesOrderDetailID], [s0].[OrderQty], [s0].[ProductID], [s0].[SalesOrderID], [s0].[UnitPrice], [s1].[SalesOrderID], [s1].[OrderDate]&#xD;
FROM [Production].[Product] AS [p]&#xD;
INNER JOIN (&#xD;
    SELECT [s].[SalesOrderDetailID], [s].[OrderQty], [s].[ProductID], [s].[SalesOrderID], [s].[UnitPrice]&#xD;
    FROM [Sales].[SalesOrderDetail] AS [s]&#xD;
    WHERE ([s].[UnitPrice] &gt; 2000.0 OR [s].[OrderQty] &gt; 20) AND [s].[SalesOrderDetailID] IN (115, 156)&#xD;
) AS [s0] ON [p].[ProductID] = [s0].[ProductID]&#xD;
INNER JOIN [Sales].[SalesOrderHeader] AS [s1] ON [s0].[SalesOrderID] = [s1].[SalesOrderID]&#xD;
WHERE [p].[Name] LIKE N'Road%'&#xD;
</Text>
      </RunInfo>
    </RunInfos>
  </ResultSummary>
</TestRun>